<?xml version="1.0" encoding="UTF-8"?>
<!-- Generated by org.testng.reporters.JUnitReportReporter -->
<testsuite hostname="Timmy-PC" name="testPages.FlightPageTest" tests="1" failures="0" timestamp="19 Jun 2016 17:01:10 GMT" time="19.614" errors="0">
  <testcase name="test" time="19.614" classname="testPages.FlightPageTest"/>
</testsuite> <!-- testPages.FlightPageTest -->
