<?xml version="1.0" encoding="UTF-8"?>
<!-- Generated by org.testng.reporters.JUnitReportReporter -->
<testsuite hostname="Timmy-PC" name="classPages.FlightsTab" tests="1" failures="0" timestamp="13 Jun 2016 17:36:02 GMT" time="26.013" errors="0">
  <testcase name="test" time="26.013" classname="classPages.FlightsTab"/>
</testsuite> <!-- classPages.FlightsTab -->
