<?xml version="1.0" encoding="UTF-8"?>
<!-- Generated by org.testng.reporters.JUnitReportReporter -->
<testsuite hostname="Timmy-PC" name="testPages.test" tests="1" failures="0" timestamp="14 Jun 2016 08:58:36 GMT" time="0.174" errors="0">
  <testcase name="test" time="0.174" classname="testPages.test"/>
</testsuite> <!-- testPages.test -->
